# JRE version: Java(TM) SE Runtime Environment (8.0_91-b15) (build 1.8.0_91-b15)
# Java VM: Java HotSpot(TM) 64-Bit Server VM (25.91-b15 mixed mode windows-amd64 compressed oops)
Heap:
 PSYoungGen      total 367616K, used 180766K [0x00000000e0000000, 0x00000000f8100000, 0x0000000100000000)
  eden space 343040K, 52% used [0x00000000e0000000,0x00000000eb087a10,0x00000000f4f00000)
  from space 24576K, 0% used [0x00000000f6700000,0x00000000f6700000,0x00000000f7f00000)
  to   space 24576K, 0% used [0x00000000f4f00000,0x00000000f4f00000,0x00000000f6700000)
 ParOldGen       total 203776K, used 39896K [0x00000000a0000000, 0x00000000ac700000, 0x00000000e0000000)
  object space 203776K, 19% used [0x00000000a0000000,0x00000000a26f6378,0x00000000ac700000)
 Metaspace       used 63377K, capacity 65040K, committed 65240K, reserved 1105920K
  class space    used 8304K, capacity 8626K, committed 8704K, reserved 1048576K
GC Heap History (10 events):
Event: 17.742 GC heap before
{Heap before GC invocations=10 (full 2):
 PSYoungGen      total 196608K, used 196607K [0x00000000e0000000, 0x00000000f2880000, 0x0000000100000000)
  eden space 183808K, 100% used [0x00000000e0000000,0x00000000eb380000,0x00000000eb380000)
  from space 12800K, 99% used [0x00000000eb380000,0x00000000ebfffdb0,0x00000000ec000000)
  to   space 15872K, 0% used [0x00000000f1900000,0x00000000f1900000,0x00000000f2880000)
 ParOldGen       total 139776K, used 19859K [0x00000000a0000000, 0x00000000a8880000, 0x00000000e0000000)
  object space 139776K, 14% used [0x00000000a0000000,0x00000000a1364e98,0x00000000a8880000)
 Metaspace       used 57037K, capacity 58388K, committed 58624K, reserved 1099776K
  class space    used 7637K, capacity 7934K, committed 7936K, reserved 1048576K
Event: 17.760 GC heap after
Heap after GC invocations=10 (full 2):
 PSYoungGen      total 276480K, used 15858K [0x00000000e0000000, 0x00000000f2c80000, 0x0000000100000000)
  eden space 260608K, 0% used [0x00000000e0000000,0x00000000e0000000,0x00000000efe80000)
  from space 15872K, 99% used [0x00000000f1900000,0x00000000f287c878,0x00000000f2880000)
  to   space 23552K, 0% used [0x00000000efe80000,0x00000000efe80000,0x00000000f1580000)
 ParOldGen       total 139776K, used 33621K [0x00000000a0000000, 0x00000000a8880000, 0x00000000e0000000)
  object space 139776K, 24% used [0x00000000a0000000,0x00000000a20d54a8,0x00000000a8880000)
 Metaspace       used 57037K, capacity 58388K, committed 58624K, reserved 1099776K
  class space    used 7637K, capacity 7934K, committed 7936K, reserved 1048576K
}
Event: 17.978 GC heap before
{Heap before GC invocations=11 (full 2):
 PSYoungGen      total 276480K, used 40942K [0x00000000e0000000, 0x00000000f2c80000, 0x0000000100000000)
  eden space 260608K, 9% used [0x00000000e0000000,0x00000000e187f310,0x00000000efe80000)
  from space 15872K, 99% used [0x00000000f1900000,0x00000000f287c878,0x00000000f2880000)
  to   space 23552K, 0% used [0x00000000efe80000,0x00000000efe80000,0x00000000f1580000)
 ParOldGen       total 139776K, used 33621K [0x00000000a0000000, 0x00000000a8880000, 0x00000000e0000000)
  object space 139776K, 24% used [0x00000000a0000000,0x00000000a20d54a8,0x00000000a8880000)
 Metaspace       used 57676K, capacity 58964K, committed 59096K, reserved 1099776K
  class space    used 7662K, capacity 7934K, committed 7936K, reserved 1048576K
Event: 17.990 GC heap after
Heap after GC invocations=11 (full 2):
 PSYoungGen      total 284160K, used 18313K [0x00000000e0000000, 0x00000000f7f00000, 0x0000000100000000)
  eden space 260608K, 0% used [0x00000000e0000000,0x00000000e0000000,0x00000000efe80000)
  from space 23552K, 77% used [0x00000000efe80000,0x00000000f1062738,0x00000000f1580000)
  to   space 24576K, 0% used [0x00000000f6700000,0x00000000f6700000,0x00000000f7f00000)
 ParOldGen       total 139776K, used 33629K [0x00000000a0000000, 0x00000000a8880000, 0x00000000e0000000)
  object space 139776K, 24% used [0x00000000a0000000,0x00000000a20d74a8,0x00000000a8880000)
 Metaspace       used 57676K, capacity 58964K, committed 59096K, reserved 1099776K
  class space    used 7662K, capacity 7934K, committed 7936K, reserved 1048576K
}
Event: 17.990 GC heap before
{Heap before GC invocations=12 (full 3):
 PSYoungGen      total 284160K, used 18313K [0x00000000e0000000, 0x00000000f7f00000, 0x0000000100000000)
  eden space 260608K, 0% used [0x00000000e0000000,0x00000000e0000000,0x00000000efe80000)
  from space 23552K, 77% used [0x00000000efe80000,0x00000000f1062738,0x00000000f1580000)
  to   space 24576K, 0% used [0x00000000f6700000,0x00000000f6700000,0x00000000f7f00000)
 ParOldGen       total 139776K, used 33629K [0x00000000a0000000, 0x00000000a8880000, 0x00000000e0000000)
  object space 139776K, 24% used [0x00000000a0000000,0x00000000a20d74a8,0x00000000a8880000)
 Metaspace       used 57676K, capacity 58964K, committed 59096K, reserved 1099776K
  class space    used 7662K, capacity 7934K, committed 7936K, reserved 1048576K
Event: 18.225 GC heap after
Heap after GC invocations=12 (full 3):
 PSYoungGen      total 284160K, used 0K [0x00000000e0000000, 0x00000000f7f00000, 0x0000000100000000)
  eden space 260608K, 0% used [0x00000000e0000000,0x00000000e0000000,0x00000000efe80000)
  from space 23552K, 0% used [0x00000000efe80000,0x00000000efe80000,0x00000000f1580000)
  to   space 24576K, 0% used [0x00000000f6700000,0x00000000f6700000,0x00000000f7f00000)
 ParOldGen       total 203776K, used 41025K [0x00000000a0000000, 0x00000000ac700000, 0x00000000e0000000)
  object space 203776K, 20% used [0x00000000a0000000,0x00000000a2810688,0x00000000ac700000)
 Metaspace       used 57676K, capacity 58964K, committed 59096K, reserved 1099776K
  class space    used 7662K, capacity 7934K, committed 7936K, reserved 1048576K
}
Event: 21.761 GC heap before
{Heap before GC invocations=13 (full 3):
 PSYoungGen      total 284160K, used 219445K [0x00000000e0000000, 0x00000000f7f00000, 0x0000000100000000)
  eden space 260608K, 84% used [0x00000000e0000000,0x00000000ed64d778,0x00000000efe80000)
  from space 23552K, 0% used [0x00000000efe80000,0x00000000efe80000,0x00000000f1580000)
  to   space 24576K, 0% used [0x00000000f6700000,0x00000000f6700000,0x00000000f7f00000)
 ParOldGen       total 203776K, used 41025K [0x00000000a0000000, 0x00000000ac700000, 0x00000000e0000000)
  object space 203776K, 20% used [0x00000000a0000000,0x00000000a2810688,0x00000000ac700000)
 Metaspace       used 61690K, capacity 63226K, committed 63576K, reserved 1103872K
  class space    used 8191K, capacity 8523K, committed 8576K, reserved 1048576K
Event: 21.767 GC heap after
Heap after GC invocations=13 (full 3):
 PSYoungGen      total 367616K, used 8150K [0x00000000e0000000, 0x00000000f8100000, 0x0000000100000000)
  eden space 343040K, 0% used [0x00000000e0000000,0x00000000e0000000,0x00000000f4f00000)
  from space 24576K, 33% used [0x00000000f6700000,0x00000000f6ef59a0,0x00000000f7f00000)
  to   space 24576K, 0% used [0x00000000f4f00000,0x00000000f4f00000,0x00000000f6700000)
 ParOldGen       total 203776K, used 41289K [0x00000000a0000000, 0x00000000ac700000, 0x00000000e0000000)
  object space 203776K, 20% used [0x00000000a0000000,0x00000000a28526a0,0x00000000ac700000)
 Metaspace       used 61690K, capacity 63226K, committed 63576K, reserved 1103872K
  class space    used 8191K, capacity 8523K, committed 8576K, reserved 1048576K
}
Event: 21.767 GC heap before
{Heap before GC invocations=14 (full 4):
 PSYoungGen      total 367616K, used 8150K [0x00000000e0000000, 0x00000000f8100000, 0x0000000100000000)
  eden space 343040K, 0% used [0x00000000e0000000,0x00000000e0000000,0x00000000f4f00000)
  from space 24576K, 33% used [0x00000000f6700000,0x00000000f6ef59a0,0x00000000f7f00000)
  to   space 24576K, 0% used [0x00000000f4f00000,0x00000000f4f00000,0x00000000f6700000)
 ParOldGen       total 203776K, used 41289K [0x00000000a0000000, 0x00000000ac700000, 0x00000000e0000000)
  object space 203776K, 20% used [0x00000000a0000000,0x00000000a28526a0,0x00000000ac700000)
 Metaspace       used 61690K, capacity 63226K, committed 63576K, reserved 1103872K
  class space    used 8191K, capacity 8523K, committed 8576K, reserved 1048576K
Event: 21.973 GC heap after
Heap after GC invocations=14 (full 4):
 PSYoungGen      total 367616K, used 0K [0x00000000e0000000, 0x00000000f8100000, 0x0000000100000000)
  eden space 343040K, 0% used [0x00000000e0000000,0x00000000e0000000,0x00000000f4f00000)
  from space 24576K, 0% used [0x00000000f6700000,0x00000000f6700000,0x00000000f7f00000)
  to   space 24576K, 0% used [0x00000000f4f00000,0x00000000f4f00000,0x00000000f6700000)
 ParOldGen       total 203776K, used 39896K [0x00000000a0000000, 0x00000000ac700000, 0x00000000e0000000)
  object space 203776K, 19% used [0x00000000a0000000,0x00000000a26f6378,0x00000000ac700000)
 Metaspace       used 61690K, capacity 63226K, committed 63576K, reserved 1103872K
  class space    used 8191K, capacity 8523K, committed 8576K, reserved 1048576K
}

